2021-10-13 13:33:12: ### CARGA DE DADOS ARGIS > PGSQL INICIADA! ###
2021-10-13 13:33:12: Carregando as configurações da aplicação...
2021-10-13 13:33:14: Efetuando conexão com o servidor PGSQL...
2021-10-13 13:33:14: Efetuando conexão com o servidor MSSQL do SICAT/SISCOM...
2021-10-13 13:33:14: Processando o arquivo de carga eta.json
2021-10-13 13:33:14: Processando a carga mapeada em eta.json...
2021-10-13 13:33:14: Carregando configurações do mapeamento...
2021-10-13 13:33:14: Criando camada...
2021-10-13 13:33:15: Extraindo dados para a carga da camada eta
2021-10-13 13:33:15: Construindo comando insert padrão...
2021-10-13 13:33:15: Identificando os campos de consulta...
2021-10-13 13:33:15: Carregando os domínios de valores para a camada...
2021-10-13 13:33:15: Recuperando o total de feições a exportar...
2021-10-13 13:33:41: Exportando um total de 101 feições...
2021-10-13 13:33:41: Carregando anexos da feição (OID: 1)
2021-10-13 13:33:44: Carregando anexos da feição (OID: 3)
2021-10-13 13:33:45: Carregando anexos da feição (OID: 8)
2021-10-13 13:33:45: Carregando anexos da feição (OID: 9)
2021-10-13 13:33:46: Carregando anexos da feição (OID: 10)
2021-10-13 13:33:46: Carregando anexos da feição (OID: 12)
2021-10-13 13:33:47: Carregando anexos da feição (OID: 13)
2021-10-13 13:33:47: Carregando anexos da feição (OID: 34)
2021-10-13 13:33:47: Carregando anexos da feição (OID: 36)
2021-10-13 13:33:48: Carregando anexos da feição (OID: 37)
2021-10-13 13:33:48: Carregando anexos da feição (OID: 43)
2021-10-13 13:33:49: Carregando anexos da feição (OID: 45)
2021-10-13 13:33:49: Carregando anexos da feição (OID: 48)
2021-10-13 13:33:50: Carregando anexos da feição (OID: 51)
2021-10-13 13:33:50: Carregando anexos da feição (OID: 52)
2021-10-13 13:33:50: Carregando anexos da feição (OID: 53)
2021-10-13 13:33:51: Carregando anexos da feição (OID: 57)
2021-10-13 13:33:51: Carregando anexos da feição (OID: 58)
2021-10-13 13:33:52: Carregando anexos da feição (OID: 60)
2021-10-13 13:33:53: Carregando anexos da feição (OID: 64)
2021-10-13 13:33:53: Carregando anexos da feição (OID: 68)
2021-10-13 13:34:10: Carregando anexos da feição (OID: 72)
2021-10-13 13:34:11: Carregando anexos da feição (OID: 73)
2021-10-13 13:34:11: Carregando anexos da feição (OID: 74)
2021-10-13 13:34:11: Carregando anexos da feição (OID: 77)
2021-10-13 13:34:12: Carregando anexos da feição (OID: 11)
2021-10-13 13:34:12: Carregando anexos da feição (OID: 18)
2021-10-13 13:34:13: Carregando anexos da feição (OID: 15)
2021-10-13 13:34:13: Carregando anexos da feição (OID: 17)
2021-10-13 13:34:14: Carregando anexos da feição (OID: 4)
2021-10-13 13:34:14: Carregando anexos da feição (OID: 21)
2021-10-13 13:34:15: Carregando anexos da feição (OID: 5)
2021-10-13 13:34:15: Carregando anexos da feição (OID: 24)
2021-10-13 13:34:16: Carregando anexos da feição (OID: 25)
2021-10-13 13:34:16: Carregando anexos da feição (OID: 26)
2021-10-13 13:34:17: Carregando anexos da feição (OID: 61)
2021-10-13 13:34:18: Carregando anexos da feição (OID: 75)
2021-10-13 13:34:18: Carregando anexos da feição (OID: 28)
2021-10-13 13:34:18: Carregando anexos da feição (OID: 59)
2021-10-13 13:34:19: Carregando anexos da feição (OID: 42)
2021-10-13 13:34:20: Carregando anexos da feição (OID: 79)
2021-10-13 13:34:21: Carregando anexos da feição (OID: 63)
2021-10-13 13:34:21: Carregando anexos da feição (OID: 884)
2021-10-13 13:34:22: Carregando anexos da feição (OID: 27)
2021-10-13 13:34:22: Carregando anexos da feição (OID: 886)
2021-10-13 13:34:32: Carregando anexos da feição (OID: 32)
2021-10-13 13:34:33: Carregando anexos da feição (OID: 47)
2021-10-13 13:34:33: Carregando anexos da feição (OID: 887)
2021-10-13 13:34:34: Carregando anexos da feição (OID: 19)
2021-10-13 13:34:36: Carregando anexos da feição (OID: 889)
2021-10-13 13:34:36: Carregando anexos da feição (OID: 891)
2021-10-13 13:34:37: Carregando anexos da feição (OID: 6)
2021-10-13 13:34:37: Carregando anexos da feição (OID: 40)
2021-10-13 13:34:38: Carregando anexos da feição (OID: 55)
2021-10-13 13:34:38: Carregando anexos da feição (OID: 66)
2021-10-13 13:34:39: Carregando anexos da feição (OID: 892)
2021-10-13 13:34:39: Carregando anexos da feição (OID: 893)
2021-10-13 13:34:40: Carregando anexos da feição (OID: 894)
2021-10-13 13:34:40: Carregando anexos da feição (OID: 78)
2021-10-13 13:34:41: Carregando anexos da feição (OID: 896)
2021-10-13 13:34:52: Carregando anexos da feição (OID: 897)
2021-10-13 13:34:53: Carregando anexos da feição (OID: 898)
2021-10-13 13:34:53: Carregando anexos da feição (OID: 23)
2021-10-13 13:34:53: Carregando anexos da feição (OID: 83)
2021-10-13 13:34:54: Carregando anexos da feição (OID: 890)
2021-10-13 13:34:54: Carregando anexos da feição (OID: 54)
2021-10-13 13:34:54: Carregando anexos da feição (OID: 2)
2021-10-13 13:34:55: Carregando anexos da feição (OID: 38)
2021-10-13 13:34:55: Carregando anexos da feição (OID: 39)
2021-10-13 13:34:55: Carregando anexos da feição (OID: 49)
2021-10-13 13:34:56: Carregando anexos da feição (OID: 70)
2021-10-13 13:34:56: Carregando anexos da feição (OID: 885)
2021-10-13 13:34:56: Carregando anexos da feição (OID: 33)
2021-10-13 13:34:56: Carregando anexos da feição (OID: 67)
2021-10-13 13:34:56: Carregando anexos da feição (OID: 16)
2021-10-13 13:34:57: Carregando anexos da feição (OID: 899)
2021-10-13 13:35:00: Carregando anexos da feição (OID: 895)
2021-10-13 13:35:02: Carregando anexos da feição (OID: 44)
2021-10-13 13:35:02: Carregando anexos da feição (OID: 35)
2021-10-13 13:35:03: Carregando anexos da feição (OID: 900)
2021-10-13 13:35:03: Carregando anexos da feição (OID: 1300)
2021-10-13 13:35:04: Carregando anexos da feição (OID: 888)
2021-10-13 13:35:04: Carregando anexos da feição (OID: 1301)
2021-10-13 13:35:05: Carregando anexos da feição (OID: 50)
2021-10-13 13:35:05: Carregando anexos da feição (OID: 1302)
2021-10-13 13:35:06: Carregando anexos da feição (OID: 71)
2021-10-13 13:35:06: Carregando anexos da feição (OID: 62)
2021-10-13 13:35:07: Carregando anexos da feição (OID: 41)
2021-10-13 13:35:07: Carregando anexos da feição (OID: 1303)
2021-10-13 13:35:07: Carregando anexos da feição (OID: 1704)
2021-10-13 13:35:08: Carregando anexos da feição (OID: 1706)
2021-10-13 13:35:08: Carregando anexos da feição (OID: 1703)
2021-10-13 13:35:08: Carregando anexos da feição (OID: 1705)
2021-10-13 13:35:09: Carregando anexos da feição (OID: 69)
2021-10-13 13:35:09: Carregando anexos da feição (OID: 7)
2021-10-13 13:35:10: Carregando anexos da feição (OID: 56)
2021-10-13 13:35:10: Carregando anexos da feição (OID: 76)
2021-10-13 13:35:11: Carregando anexos da feição (OID: 22)
2021-10-13 13:35:11: Carregando anexos da feição (OID: 20)
2021-10-13 13:35:12: Carregando anexos da feição (OID: 30)
2021-10-13 13:35:12: Carregando anexos da feição (OID: 1707)
2021-10-13 13:35:13: Total de geometrias ruins: 0
2021-10-13 13:35:13: Efetuando o commit...
2021-10-13 13:35:13: ### CARGA CONCLUÍDA COM SUCESSO! ###
